<?xml version="1.0" encoding="utf-8"?><testsuites name="pytest tests"><testsuite name="pytest" errors="0" failures="0" skipped="0" tests="19" time="410.303" timestamp="2026-08-17T05:37:32.577737+03:00" hostname="SSV-ZAPDOS"><testcase classname="tests.docker.test_capture_docker" name="test_capture_image_matches_checked_content_identity" time="5.277" /><testcase classname="tests.docker.test_capture_docker" name="test_endpoint_overlay_is_test_only_and_production_remains_two_services" time="0.005" /><testcase classname="tests.docker.test_capture_docker" name="test_full_preflight_and_capture_observe_controlled_tcp_udp_and_broadcast" time="30.436" /><testcase classname="tests.docker.test_capture_docker" name="test_direct_no_shell_target_exits_zero_without_wrapper_or_exec" time="23.103" /><testcase classname="tests.docker.test_capture_docker" name="test_background_child_is_closed_when_direct_target_exits" time="23.796" /><testcase classname="tests.docker.test_capture_failures" name="test_natural_nonzero_status_is_exact_and_only_diagnostic_capture_remains" time="23.574" /><testcase classname="tests.docker.test_capture_failures" name="test_workload_timeout_kills_target_and_any_child[argv0]" time="23.706" /><testcase classname="tests.docker.test_capture_failures" name="test_workload_timeout_kills_target_and_any_child[argv1]" time="24.016" /><testcase classname="tests.docker.test_capture_failures" name="test_capture_early_exit_kills_long_target_next_and_within_five_seconds" time="23.825" /><testcase classname="tests.docker.test_capture_failures" name="test_capture_ignoring_sigint_reaches_flush_timeout_and_rejects_output" time="24.147" /><testcase classname="tests.docker.test_capture_failures" name="test_malformed_output_is_rejected_after_bounded_flush" time="22.908" /><testcase classname="tests.docker.test_capture_failures" name="test_readiness_failure_never_starts_target_and_cleans_project" time="32.079" /><testcase classname="tests.docker.test_capture_failures" name="test_interruption_kills_target_flushes_once_and_returns_interruption_primary" time="18.441" /><testcase classname="tests.docker.test_run_docker" name="test_cli_complete_run_publishes_strict_nine_file_result_and_cleans_every_project" time="23.740" /><testcase classname="tests.docker.test_run_docker" name="test_real_full_preflight_probe_failure_is_primary_and_cleans_its_unique_project" time="11.297" /><testcase classname="tests.docker.test_run_docker" name="test_post_preflight_stage_failure_preserves_prior_artifacts_stops_and_cleans_every_project[capture]" time="32.579" /><testcase classname="tests.docker.test_run_docker" name="test_post_preflight_stage_failure_preserves_prior_artifacts_stops_and_cleans_every_project[fit]" time="18.830" /><testcase classname="tests.docker.test_run_docker" name="test_post_preflight_stage_failure_preserves_prior_artifacts_stops_and_cleans_every_project[generate]" time="24.357" /><testcase classname="tests.docker.test_run_docker" name="test_post_preflight_stage_failure_preserves_prior_artifacts_stops_and_cleans_every_project[compare]" time="23.728" /></testsuite></testsuites>