<?xml version="1.0" encoding="utf-8"?><testsuites name="pytest tests"><testsuite name="pytest" errors="0" failures="0" skipped="0" tests="19" time="421.776" timestamp="2026-08-18T06:20:45.188732+03:00" hostname="SSV-ZAPDOS"><testcase classname="tests.docker.test_capture_docker" name="test_capture_image_matches_checked_content_identity" time="5.839" /><testcase classname="tests.docker.test_capture_docker" name="test_endpoint_overlay_is_test_only_and_production_remains_two_services" time="0.003" /><testcase classname="tests.docker.test_capture_docker" name="test_full_preflight_and_capture_observe_controlled_tcp_udp_and_broadcast" time="33.048" /><testcase classname="tests.docker.test_capture_docker" name="test_direct_no_shell_target_exits_zero_without_wrapper_or_exec" time="23.987" /><testcase classname="tests.docker.test_capture_docker" name="test_background_child_is_closed_when_direct_target_exits" time="24.227" /><testcase classname="tests.docker.test_capture_failures" name="test_natural_nonzero_status_is_exact_and_only_diagnostic_capture_remains" time="20.461" /><testcase classname="tests.docker.test_capture_failures" name="test_workload_timeout_kills_target_and_any_child[argv0]" time="24.483" /><testcase classname="tests.docker.test_capture_failures" name="test_workload_timeout_kills_target_and_any_child[argv1]" time="19.340" /><testcase classname="tests.docker.test_capture_failures" name="test_capture_early_exit_kills_long_target_next_and_within_five_seconds" time="25.123" /><testcase classname="tests.docker.test_capture_failures" name="test_capture_ignoring_sigint_reaches_flush_timeout_and_rejects_output" time="26.057" /><testcase classname="tests.docker.test_capture_failures" name="test_malformed_output_is_rejected_after_bounded_flush" time="23.397" /><testcase classname="tests.docker.test_capture_failures" name="test_readiness_failure_never_starts_target_and_cleans_project" time="32.604" /><testcase classname="tests.docker.test_capture_failures" name="test_interruption_kills_target_flushes_once_and_returns_interruption_primary" time="19.653" /><testcase classname="tests.docker.test_run_docker" name="test_cli_complete_run_publishes_strict_nine_file_result_and_cleans_every_project" time="25.667" /><testcase classname="tests.docker.test_run_docker" name="test_real_full_preflight_probe_failure_is_primary_and_cleans_its_unique_project" time="12.083" /><testcase classname="tests.docker.test_run_docker" name="test_post_preflight_stage_failure_preserves_prior_artifacts_stops_and_cleans_every_project[capture]" time="34.351" /><testcase classname="tests.docker.test_run_docker" name="test_post_preflight_stage_failure_preserves_prior_artifacts_stops_and_cleans_every_project[fit]" time="19.291" /><testcase classname="tests.docker.test_run_docker" name="test_post_preflight_stage_failure_preserves_prior_artifacts_stops_and_cleans_every_project[generate]" time="25.788" /><testcase classname="tests.docker.test_run_docker" name="test_post_preflight_stage_failure_preserves_prior_artifacts_stops_and_cleans_every_project[compare]" time="25.923" /></testsuite></testsuites>